0 info it worked if it ends with ok
1 verbose cli [ 'C:\\Program Files\\nodejs\\node.exe',
1 verbose cli   'C:\\Program Files\\nodejs\\node_modules\\npm\\bin\\npm-cli.js',
1 verbose cli   'install',
1 verbose cli   'gulp-clear',
1 verbose cli   '--save-dev' ]
2 info using npm@2.15.1
3 info using node@v4.4.3
4 verbose install initial load of C:\xampp\htdocs\FormGenerator\package.json
5 warn package.json form-generator@1.0.0 No repository field.
6 warn package.json form-generator@1.0.0 No README data
7 verbose installManyTop reading scoped package data from C:\xampp\htdocs\FormGenerator\node_modules\gulp\package.json
8 verbose installManyTop reading scoped package data from C:\xampp\htdocs\FormGenerator\node_modules\gulp-coffee\package.json
9 verbose installManyTop reading scoped package data from C:\xampp\htdocs\FormGenerator\node_modules\gulp-concat\package.json
10 verbose installManyTop reading scoped package data from C:\xampp\htdocs\FormGenerator\node_modules\gulp-sourcemaps\package.json
11 verbose installManyTop reading scoped package data from C:\xampp\htdocs\FormGenerator\node_modules\gulp-util\package.json
12 verbose installManyTop reading scoped package data from C:\xampp\htdocs\FormGenerator\node_modules\merge2\package.json
13 info package.json merge2@1.0.2 No license field.
14 verbose readDependencies loading dependencies from C:\xampp\htdocs\FormGenerator\package.json
15 silly cache add args [ 'gulp-clear', null ]
16 verbose cache add spec gulp-clear
17 silly cache add parsed spec Result {
17 silly cache add   raw: 'gulp-clear',
17 silly cache add   scope: null,
17 silly cache add   name: 'gulp-clear',
17 silly cache add   rawSpec: '',
17 silly cache add   spec: 'latest',
17 silly cache add   type: 'tag' }
18 silly addNamed gulp-clear@latest
19 verbose addNamed "latest" is being treated as a dist-tag for gulp-clear
20 info addNameTag [ 'gulp-clear', 'latest' ]
21 silly mapToRegistry name gulp-clear
22 silly mapToRegistry using default registry
23 silly mapToRegistry registry https://registry.npmjs.org/
24 silly mapToRegistry data Result {
24 silly mapToRegistry   raw: 'gulp-clear',
24 silly mapToRegistry   scope: null,
24 silly mapToRegistry   name: 'gulp-clear',
24 silly mapToRegistry   rawSpec: '',
24 silly mapToRegistry   spec: 'latest',
24 silly mapToRegistry   type: 'tag' }
25 silly mapToRegistry uri https://registry.npmjs.org/gulp-clear
26 verbose addNameTag registry:https://registry.npmjs.org/gulp-clear not in flight; fetching
27 verbose request uri https://registry.npmjs.org/gulp-clear
28 verbose request no auth needed
29 info attempt registry request try #1 at 1:52:38 PM
30 verbose request id 857aae022e842b1c
31 http request GET https://registry.npmjs.org/gulp-clear
32 http 404 https://registry.npmjs.org/gulp-clear
33 verbose headers { 'content-type': 'application/json',
33 verbose headers   'cache-control': 'max-age=0',
33 verbose headers   'content-length': '2',
33 verbose headers   'accept-ranges': 'bytes',
33 verbose headers   date: 'Sat, 28 May 2016 05:54:31 GMT',
33 verbose headers   via: '1.1 varnish',
33 verbose headers   age: '0',
33 verbose headers   connection: 'keep-alive',
33 verbose headers   'x-served-by': 'cache-sin6926-SIN',
33 verbose headers   'x-cache': 'MISS',
33 verbose headers   'x-cache-hits': '0',
33 verbose headers   'x-timer': 'S1464414870.506550,VS0,VE845',
33 verbose headers   vary: 'Accept-Encoding' }
34 silly get cb [ 404,
34 silly get   { 'content-type': 'application/json',
34 silly get     'cache-control': 'max-age=0',
34 silly get     'content-length': '2',
34 silly get     'accept-ranges': 'bytes',
34 silly get     date: 'Sat, 28 May 2016 05:54:31 GMT',
34 silly get     via: '1.1 varnish',
34 silly get     age: '0',
34 silly get     connection: 'keep-alive',
34 silly get     'x-served-by': 'cache-sin6926-SIN',
34 silly get     'x-cache': 'MISS',
34 silly get     'x-cache-hits': '0',
34 silly get     'x-timer': 'S1464414870.506550,VS0,VE845',
34 silly get     vary: 'Accept-Encoding' } ]
35 verbose stack Error: Registry returned 404 for GET on https://registry.npmjs.org/gulp-clear
35 verbose stack     at makeError (C:\Program Files\nodejs\node_modules\npm\node_modules\npm-registry-client\lib\request.js:264:12)
35 verbose stack     at CachingRegistryClient.<anonymous> (C:\Program Files\nodejs\node_modules\npm\node_modules\npm-registry-client\lib\request.js:242:14)
35 verbose stack     at Request._callback (C:\Program Files\nodejs\node_modules\npm\node_modules\npm-registry-client\lib\request.js:172:14)
35 verbose stack     at Request.self.callback (C:\Program Files\nodejs\node_modules\npm\node_modules\request\request.js:199:22)
35 verbose stack     at emitTwo (events.js:87:13)
35 verbose stack     at Request.emit (events.js:172:7)
35 verbose stack     at Request.<anonymous> (C:\Program Files\nodejs\node_modules\npm\node_modules\request\request.js:1036:10)
35 verbose stack     at emitOne (events.js:82:20)
35 verbose stack     at Request.emit (events.js:169:7)
35 verbose stack     at IncomingMessage.<anonymous> (C:\Program Files\nodejs\node_modules\npm\node_modules\request\request.js:963:12)
36 verbose statusCode 404
37 verbose pkgid gulp-clear
38 verbose cwd C:\xampp\htdocs\FormGenerator
39 error Windows_NT 10.0.10240
40 error argv "C:\\Program Files\\nodejs\\node.exe" "C:\\Program Files\\nodejs\\node_modules\\npm\\bin\\npm-cli.js" "install" "gulp-clear" "--save-dev"
41 error node v4.4.3
42 error npm  v2.15.1
43 error code E404
44 error 404 Registry returned 404 for GET on https://registry.npmjs.org/gulp-clear
44 error 404
44 error 404 'gulp-clear' is not in the npm registry.
44 error 404 You should bug the author to publish it (or use the name yourself!)
44 error 404 It was specified as a dependency of 'form-generator'
44 error 404
44 error 404 Note that you can also install from a
44 error 404 tarball, folder, http url, or git url.
45 verbose exit [ 1, true ]
